<?xml version="1.0" encoding="UTF-8"?>
<testng-results ignored="4" total="5" passed="1" failed="0" skipped="0">
  <reporter-output>
  </reporter-output>
  <suite started-at="2025-02-23T14:11:34 ICT" name="Default suite" finished-at="2025-02-23T14:11:54 ICT" duration-ms="19648">
    <groups>
    </groups>
    <test started-at="2025-02-23T14:11:34 ICT" name="Default test" finished-at="2025-02-23T14:11:54 ICT" duration-ms="19648">
      <class name="automation.testsuite.BTVN_Day13">
        <test-method is-config="true" signature="openBrowerTest()[pri:0, instance:automation.testsuite.BTVN_Day13@22ef9844]" started-at="2025-02-23T14:11:34 ICT" name="openBrowerTest" finished-at="2025-02-23T14:11:41 ICT" duration-ms="6637" status="PASS">
          <reporter-output>
          </reporter-output>
        </test-method> <!-- openBrowerTest -->
        <test-method signature="logoutSuccessfully()[pri:0, instance:automation.testsuite.BTVN_Day13@22ef9844]" started-at="2025-02-23T14:11:41 ICT" name="logoutSuccessfully" finished-at="2025-02-23T14:11:54 ICT" duration-ms="12997" status="PASS">
          <reporter-output>
          </reporter-output>
        </test-method> <!-- logoutSuccessfully -->
      </class> <!-- automation.testsuite.BTVN_Day13 -->
    </test> <!-- Default test -->
  </suite> <!-- Default suite -->
</testng-results>
