<?xml version="1.0" encoding="UTF-8"?>
<testng-results ignored="3" total="4" passed="1" failed="0" skipped="0">
  <reporter-output>
  </reporter-output>
  <suite started-at="2025-03-05T01:19:53 ICT" name="Default suite" finished-at="2025-03-05T01:20:13 ICT" duration-ms="20353">
    <groups>
    </groups>
    <test started-at="2025-03-05T01:19:53 ICT" name="Default test" finished-at="2025-03-05T01:20:13 ICT" duration-ms="20353">
      <class name="automation.testsuite.TADA_UpdatePass_Test">
        <test-method is-config="true" signature="OpenFirefox()[pri:0, instance:automation.testsuite.TADA_UpdatePass_Test@47987356]" started-at="2025-03-05T01:19:53 ICT" name="OpenFirefox" finished-at="2025-03-05T01:20:01 ICT" duration-ms="8116" status="PASS">
          <reporter-output>
          </reporter-output>
        </test-method> <!-- OpenFirefox -->
        <test-method signature="search()[pri:3, instance:automation.testsuite.TADA_UpdatePass_Test@47987356]" started-at="2025-03-05T01:20:01 ICT" name="search" finished-at="2025-03-05T01:20:13 ICT" duration-ms="12220" status="PASS">
          <reporter-output>
          </reporter-output>
        </test-method> <!-- search -->
      </class> <!-- automation.testsuite.TADA_UpdatePass_Test -->
    </test> <!-- Default test -->
  </suite> <!-- Default suite -->
</testng-results>
