<?xml version="1.0" encoding="UTF-8"?>
<!-- Generated by org.testng.reporters.JUnitXMLReporter -->
<testsuite ignored="0" hostname="Jasons-MacBook-Pro.local" failures="0" tests="5" name="Default test" time="137.34" errors="0" timestamp="2025-01-22T21:25:27 ICT">
  <testcase classname="automation.testsuite.LoginTest" name="locateByClassName" time="0.275"/>
  <testcase classname="automation.testsuite.LoginTest" name="locateById" time="0.229"/>
  <testcase classname="automation.testsuite.LoginTest" name="locateByLink" time="1.533"/>
  <testcase classname="automation.testsuite.LoginTest" name="locateByName" time="0.224"/>
  <testcase classname="automation.testsuite.LoginTest" name="locateByTagName" time="0.294"/>
</testsuite> <!-- Default test -->
