<?xml version="1.0" encoding="UTF-8"?>
<!-- Generated by org.testng.reporters.JUnitXMLReporter -->
<testsuite ignored="2" hostname="Jasons-MacBook-Pro.local" failures="0" tests="1" name="Default test" time="8.934" errors="0" timestamp="2025-03-11T22:35:47 ICT">
  <testcase classname="automation.testsuite.Day16_QuanLyKVLV_Test" name="quanLyKhuVucLamViec" time="4.263"/>
  <testcase classname="automation.testsuite.Day16_QuanLyKVLV_Test" name="themKVLV_SaiDinhDang_MaKLV" time="0.0">
    <ignored/>
  </testcase> <!-- themKVLV_SaiDinhDang_MaKLV -->
  <testcase classname="automation.testsuite.Day16_QuanLyKVLV_Test" name="themKVLV_SaiDinhDang_TenKLV" time="0.0">
    <ignored/>
  </testcase> <!-- themKVLV_SaiDinhDang_TenKLV -->
</testsuite> <!-- Default test -->
